<?xml version="1.0" encoding="UTF-8"?>
<!-- Generated by org.testng.reporters.JUnitXMLReporter -->
<testsuite ignored="1" hostname="SANTHOSH-PC" failures="0" tests="1" name="Default test" time="31.809" errors="0" timestamp="2022-11-18T17:08:00 IST">
  <testcase classname="com.jenkins_Test.Extent_Report_Checking_For_Jenkins_Test" name="launching_Website" time="27.542"/>
  <testcase classname="io.cucumber.testng.AbstractTestNGCucumberTests" name="runScenario" time="0.0">
    <ignored/>
  </testcase> <!-- runScenario -->
</testsuite> <!-- Default test -->
