<?xml version="1.0" encoding="UTF-8"?>
<testng-results ignored="1" total="2" passed="1" failed="0" skipped="0">
  <reporter-output>
  </reporter-output>
  <suite started-at="2022-11-18T17:07:28 IST" name="Default suite" finished-at="2022-11-18T17:08:00 IST" duration-ms="31809">
    <groups>
    </groups>
    <test started-at="2022-11-18T17:07:28 IST" name="Default test" finished-at="2022-11-18T17:08:00 IST" duration-ms="31809">
      <class name="com.jenkins_Test.Extent_Report_Checking_For_Jenkins_Test">
        <test-method is-config="true" signature="startReport()[pri:0, instance:com.jenkins_Test.Extent_Report_Checking_For_Jenkins_Test@2cf3d63b]" started-at="2022-11-18T17:07:28 IST" name="startReport" finished-at="2022-11-18T17:07:28 IST" duration-ms="453" status="PASS">
          <reporter-output>
          </reporter-output>
        </test-method> <!-- startReport -->
        <test-method is-config="true" signature="setValues()[pri:0, instance:com.jenkins_Test.Extent_Report_Checking_For_Jenkins_Test@2cf3d63b]" started-at="2022-11-18T17:07:28 IST" name="setValues" finished-at="2022-11-18T17:07:28 IST" duration-ms="2" status="PASS">
          <reporter-output>
          </reporter-output>
        </test-method> <!-- setValues -->
        <test-method is-config="true" signature="setUpClass(org.testng.ITestContext)[pri:0, instance:com.jenkins_Test.Extent_Report_Checking_For_Jenkins_Test@2cf3d63b]" started-at="2022-11-18T17:07:28 IST" name="setUpClass" finished-at="2022-11-18T17:07:29 IST" duration-ms="226" status="PASS">
          <params>
            <param index="0">
              <value>
                <![CDATA[org.testng.TestRunner@664e848c]]>
              </value>
            </param>
          </params>
          <reporter-output>
          </reporter-output>
        </test-method> <!-- setUpClass -->
        <test-method is-config="true" signature="report()[pri:0, instance:com.jenkins_Test.Extent_Report_Checking_For_Jenkins_Test@2cf3d63b]" started-at="2022-11-18T17:07:29 IST" name="report" finished-at="2022-11-18T17:07:29 IST" duration-ms="15" status="PASS">
          <reporter-output>
          </reporter-output>
        </test-method> <!-- report -->
        <test-method is-config="true" signature="beforeMethod()[pri:0, instance:com.jenkins_Test.Extent_Report_Checking_For_Jenkins_Test@2cf3d63b]" started-at="2022-11-18T17:07:29 IST" name="beforeMethod" finished-at="2022-11-18T17:07:32 IST" duration-ms="3366" status="PASS">
          <reporter-output>
          </reporter-output>
        </test-method> <!-- beforeMethod -->
        <test-method signature="launching_Website()[pri:0, instance:com.jenkins_Test.Extent_Report_Checking_For_Jenkins_Test@2cf3d63b]" started-at="2022-11-18T17:07:32 IST" name="launching_Website" finished-at="2022-11-18T17:07:59 IST" duration-ms="27542" status="PASS">
          <reporter-output>
          </reporter-output>
        </test-method> <!-- launching_Website -->
        <test-method is-config="true" signature="afterMethod()[pri:0, instance:com.jenkins_Test.Extent_Report_Checking_For_Jenkins_Test@2cf3d63b]" started-at="2022-11-18T17:08:00 IST" name="afterMethod" finished-at="2022-11-18T17:08:00 IST" duration-ms="614" status="PASS">
          <reporter-output>
          </reporter-output>
        </test-method> <!-- afterMethod -->
        <test-method is-config="true" signature="tearDownClass()[pri:0, instance:com.jenkins_Test.Extent_Report_Checking_For_Jenkins_Test@2cf3d63b]" started-at="2022-11-18T17:08:00 IST" name="tearDownClass" finished-at="2022-11-18T17:08:00 IST" duration-ms="13" status="PASS">
          <reporter-output>
          </reporter-output>
        </test-method> <!-- tearDownClass -->
        <test-method is-config="true" signature="stopReport()[pri:0, instance:com.jenkins_Test.Extent_Report_Checking_For_Jenkins_Test@2cf3d63b]" started-at="2022-11-18T17:08:00 IST" name="stopReport" finished-at="2022-11-18T17:08:01 IST" duration-ms="693" status="PASS">
          <reporter-output>
          </reporter-output>
        </test-method> <!-- stopReport -->
      </class> <!-- com.jenkins_Test.Extent_Report_Checking_For_Jenkins_Test -->
    </test> <!-- Default test -->
  </suite> <!-- Default suite -->
</testng-results>
